2025-04-18 10:46:45 - root - INFO - Logger configured. Log file: logs/ml_pipeline_20250418_104645.log
2025-04-18 10:46:45 - root - INFO - Bắt đầu quy trình ML với bộ dữ liệu Iris
2025-04-18 10:46:45 - root - INFO - Thiết lập chuỗi xử lý (Chain of Responsibility)
2025-04-18 10:46:45 - root - INFO - Bắt đầu thực hiện chuỗi xử lý
2025-04-18 10:46:45 - handlers.dataset_handler - INFO - DatasetHandler: Processing request
2025-04-18 10:46:45 - handlers.dataset_handler - INFO - Loading data from data/raw/iris_dataset.csv
2025-04-18 10:46:45 - handlers.dataset_handler - INFO - Preprocessing data
2025-04-18 10:46:45 - handlers.dataset_handler - INFO - Splitting data into train/validation/test sets
2025-04-18 10:46:45 - handlers.dataset_handler - INFO - DatasetHandler: Dataset prepared successfully
2025-04-18 10:46:45 - handlers.model_builder_handler - INFO - ModelBuilderHandler: Processing request
2025-04-18 10:46:45 - handlers.model_builder_handler - INFO - ModelBuilderHandler: Model get_model built successfully
2025-04-18 10:46:45 - handlers.training_handler - INFO - TrainingHandler: Processing request
2025-04-18 10:46:45 - handlers.training_handler - INFO - TrainingHandler: Starting model training
2025-04-18 10:46:45 - handlers.training_handler - INFO - TrainingHandler: Model trained successfully in  0.11 seconds
2025-04-18 10:46:45 - handlers.evaluation_handler - INFO - EvaluationHandler: Processing request
2025-04-18 10:46:45 - handlers.evaluation_handler - INFO - EvaluationHandler: Starting model evaluation
2025-04-18 10:46:45 - handlers.evaluation_handler - INFO - EvaluationHandler: Model evaluated successfully
2025-04-18 10:46:45 - handlers.inference_handler - INFO - InferenceHandler: Processing request
2025-04-18 10:46:45 - handlers.inference_handler - WARNING - InferenceHandler: Model not evaluated
2025-04-18 10:46:45 - root - INFO - Quy trình ML hoàn thành thành công
